<?xml version="1.0" encoding="UTF-8"?>
<testsuite name="Cucumber" time="24.801" tests="7" skipped="0" failures="0" errors="0" timestamp="2025-05-05T08:43:17.418428700Z">
<testcase classname="Test Automation Rest Api dan Web UI" name="Test get list user" time="7.355">
<system-out><![CDATA[
Given prepare url valid for "GET_LIST_USERS"................................passed
And hit api get list users..................................................passed
Then validation status code is equals 200...................................passed
Then validation response body get list users................................passed
Then validation response json with JSONSchema "get_list_users.json".........passed
]]></system-out>
</testcase>
<testcase classname="Test Automation Rest Api dan Web UI" name="Test get user by id" time="1.712">
<system-out><![CDATA[
Given prepare url valid for get user by id "60d0fe4f5311236168a109ce".......passed
When hit api get user.......................................................passed
Then validation status code is equals 200...................................passed
And validation response body get user by id.................................passed
And validation response json with JSONSchema "get_user_by_id.json"..........passed
]]></system-out>
</testcase>
<testcase classname="Test Automation Rest Api dan Web UI" name="Test create new user" time="1.849">
<system-out><![CDATA[
Given prepare valid request payload for new user............................passed
And prepare url valid for "CREATE_NEW_USER".................................passed
When hit api post create new user...........................................passed
Then validation status code is equals 200...................................passed
And validation response body create new user................................passed
And validation response json with JSONSchema "create_users_normal.json".....passed
]]></system-out>
</testcase>
<testcase classname="Test Automation Rest Api dan Web UI" name="Test delete user normal" time="2.209">
<system-out><![CDATA[
Given prepare url valid for get user by id "60d0fe4f5311236168a109cf".......passed
When hit api get user.......................................................passed
And validation response body get user by id.................................passed
Given prepare url valid for "DELETE_USER"...................................passed
And hit api delete user.....................................................passed
Then validation status code is equals 400...................................passed
]]></system-out>
</testcase>
<testcase classname="Test Automation Web UI" name="Sign up with valid username and password" time="4.02">
<system-out><![CDATA[
Given user is on sign up page...............................................passed
When user input username with "aldi2025"....................................passed
And user input password with "ingat123".....................................passed
And user click sign up button...............................................passed
Then user will redirect to homepage.........................................passed
]]></system-out>
</testcase>
<testcase classname="Test Automation Web UI" name="Login with valid username and password" time="3.039">
<system-out><![CDATA[
Given user is on login page.................................................passed
When user input to username with "aldi2025".................................passed
And user input to password with "ingat123"..................................passed
And user click login button.................................................passed
Then user will redirect to homepage.........................................passed
]]></system-out>
</testcase>
<testcase classname="Test Automation Web UI" name="Login with invalid username and password" time="4.277">
<system-out><![CDATA[
Given user is on login page.................................................passed
When user input to username with "user_lain"................................passed
And user input to password with "coba_coba".................................passed
And user click login button.................................................passed
Then A message appears "User does not exist."...............................passed
]]></system-out>
</testcase>
</testsuite>
